#
# A fatal error has been detected by the Java Runtime Environment:
#
#  EXCEPTION_ACCESS_VIOLATION (0xc0000005) at pc=0x000000006de1971d, pid=3224, tid=0x00000000000015d0
#
# JRE version: Java(TM) SE Runtime Environment (8.0_102-b14) (build 1.8.0_102-b14)
# Java VM: Java HotSpot(TM) 64-Bit Server VM (25.102-b14 mixed mode windows-amd64 compressed oops)
# Problematic frame:
# V  [jvm.dll+0x46971d]
#
# Failed to write core dump. Minidumps are not enabled by default on client versions of Windows
#
# If you would like to submit a bug report, please visit:
#   http://bugreport.java.com/bugreport/crash.jsp
#

---------------  T H R E A D  ---------------

Current thread (0x00000000183f3800):  JavaThread "C2 CompilerThread0" daemon [_thread_in_native, id=5584, stack(0x0000000019490000,0x0000000019590000)]

siginfo: ExceptionCode=0xc0000005, reading address 0x000040006e1cae00

Registers:
RAX=0x000000002d1530d0, RBX=0x000000002d1530c0, RCX=0x0000000000000481, RDX=0x000000001958c900
RSP=0x000000001958c4d0, RBP=0x0000000000000601, RSI=0x0000000000000412, RDI=0x00000000000005fc
R8 =0x000040006e1cae00, R9 =0x000000001958c6b0, R10=0x000000006e1cae00, R11=0x000000001958c9e8
R12=0x0000000000002090, R13=0x0000000000000002, R14=0x0000000010000000, R15=0x0000000000000000
RIP=0x000000006de1971d, EFLAGS=0x0000000000010206

Top of Stack: (sp=0x000000001958c4d0)
0x000000001958c4d0:   000000002d142f40 0000000000000557
0x000000001958c4e0:   0000000000000008 000000001958c6b0
0x000000001958c4f0:   000000001e2da5a0 000000006de18c7a
0x000000001958c500:   0000000000000008 000000001e2d88c0
0x000000001958c510:   0000000000000003 0000000000000040
0x000000001958c520:   00000000000003d8 000000002d6f2b58
0x000000001958c530:   000000002d6f2780 0000000000000000
0x000000001958c540:   0000000000000767 0000000000003b38
0x000000001958c550:   00000000000003d8 000000002d6f2b58
0x000000001958c560:   000000002d6f2780 0000000000000000
0x000000001958c570:   000000001958c900 000000002d6f2770
0x000000001958c580:   000000001958c690 000000006de179b6
0x000000001958c590:   000000001958c6b0 000000001958ca10
0x000000001958c5a0:   0000000000001804 0000000000000006
0x000000001958c5b0:   0000000000000002 000000002d6f2770
0x000000001958c5c0:   0000000019f24d70 0000000019f2c040 

Instructions: (pc=0x000000006de1971d)
0x000000006de196fd:   8b 04 21 8b 48 4c 48 8b 42 68 ff c9 48 8d 1c 89
0x000000006de1970d:   48 c1 e3 05 48 03 58 10 48 8b 43 08 4e 8b 04 c0
0x000000006de1971d:   47 85 2c b8 74 6e 8b c5 c1 e8 05 83 e0 07 8b c8
0x000000006de1972d:   41 8b 14 80 41 8b c5 f7 d0 23 c2 41 89 04 88 44 


Register to memory mapping:

RAX=0x000000002d1530d0 is an unknown value
RBX=0x000000002d1530c0 is an unknown value
RCX=0x0000000000000481 is an unknown value
RDX=0x000000001958c900 is pointing into the stack for thread: 0x00000000183f3800
RSP=0x000000001958c4d0 is pointing into the stack for thread: 0x00000000183f3800
RBP=0x0000000000000601 is an unknown value
RSI=0x0000000000000412 is an unknown value
RDI=0x00000000000005fc is an unknown value
R8 =0x000040006e1cae00 is an unknown value
R9 =0x000000001958c6b0 is pointing into the stack for thread: 0x00000000183f3800
R10=0x000000006e1cae00 is an unknown value
R11=0x000000001958c9e8 is pointing into the stack for thread: 0x00000000183f3800
R12=0x0000000000002090 is an unknown value
R13=0x0000000000000002 is an unknown value
R14=0x0000000010000000 is an unknown value
R15=0x0000000000000000 is an unknown value


Stack: [0x0000000019490000,0x0000000019590000],  sp=0x000000001958c4d0,  free space=1009k
Native frames: (J=compiled Java code, j=interpreted, Vv=VM code, C=native code)
V  [jvm.dll+0x46971d]
V  [jvm.dll+0x4679b6]
V  [jvm.dll+0x47301b]
V  [jvm.dll+0x475927]
V  [jvm.dll+0x458372]
V  [jvm.dll+0xa5572]
V  [jvm.dll+0xa5eaf]
V  [jvm.dll+0x2447af]
V  [jvm.dll+0x29c03a]
C  [MSVCR100.dll+0x21d9f]
C  [MSVCR100.dll+0x21e3b]
C  [kernel32.dll+0x1652d]
C  [ntdll.dll+0x2c521]


Current CompileTask:
C2: 498046 11078       4       org.eclipse.e4.core.internal.contexts.osgi.EclipseContextOSGi::lookup (147 bytes)


---------------  P R O C E S S  ---------------

Java Threads: ( => current thread )
  0x0000000019f48800 JavaThread "Worker-15" [_thread_blocked, id=5904, stack(0x0000000022280000,0x0000000022380000)]
  0x0000000019f4d000 JavaThread "Worker-14" [_thread_blocked, id=3408, stack(0x000000001f1d0000,0x000000001f2d0000)]
  0x000000001d5be000 JavaThread "org.eclipse.jdt.internal.ui.text.JavaReconciler" daemon [_thread_blocked, id=1156, stack(0x0000000021190000,0x0000000021290000)]
  0x000000001d5bd800 JavaThread "[ThreadPool Manager] - Idle Thread" daemon [_thread_blocked, id=5404, stack(0x0000000021060000,0x0000000021160000)]
  0x000000001d5bc800 JavaThread "Provisioning Event Dispatcher" daemon [_thread_blocked, id=2444, stack(0x000000002f360000,0x000000002f460000)]
  0x0000000019f4b800 JavaThread "Worker-9" [_thread_blocked, id=3272, stack(0x00000000266e0000,0x00000000267e0000)]
  0x0000000019f51800 JavaThread "org.eclipse.jdt.internal.ui.text.JavaReconciler" daemon [_thread_blocked, id=3664, stack(0x000000002ec60000,0x000000002ed60000)]
  0x0000000019f52800 JavaThread "Thread-5" [_thread_blocked, id=184, stack(0x000000002e310000,0x000000002e410000)]
  0x0000000019f4e000 JavaThread "Worker-4" [_thread_blocked, id=1696, stack(0x000000002be70000,0x000000002bf70000)]
  0x0000000019f4c800 JavaThread "EventAdmin Async Event Dispatcher Thread" daemon [_thread_blocked, id=5016, stack(0x0000000024890000,0x0000000024990000)]
  0x0000000019f4a000 JavaThread "Java indexing" daemon [_thread_blocked, id=1160, stack(0x0000000022180000,0x0000000022280000)]
  0x0000000019f48000 JavaThread "Bundle File Closer" daemon [_thread_blocked, id=6100, stack(0x000000001bcb0000,0x000000001bdb0000)]
  0x000000001ae81800 JavaThread "EMF Reference Cleaner" daemon [_thread_blocked, id=1540, stack(0x000000001c270000,0x000000001c370000)]
  0x000000001acc9800 JavaThread "Worker-JM" [_thread_blocked, id=3484, stack(0x000000001c170000,0x000000001c270000)]
  0x000000001ac19800 JavaThread "[Timer] - Main Queue Handler" daemon [_thread_blocked, id=4792, stack(0x000000001bdb0000,0x000000001beb0000)]
  0x000000001aa38800 JavaThread "Start Level: Equinox Container: c089b64f-66bb-0016-19da-9204f3d266b4" daemon [_thread_blocked, id=832, stack(0x000000001b9b0000,0x000000001bab0000)]
  0x000000001aa3c800 JavaThread "Framework Event Dispatcher: org.eclipse.osgi.internal.framework.EquinoxEventPublisher@64b31700" daemon [_thread_blocked, id=2296, stack(0x000000001b8b0000,0x000000001b9b0000)]
  0x0000000019be5000 JavaThread "Active Thread: Equinox Container: c089b64f-66bb-0016-19da-9204f3d266b4" [_thread_blocked, id=5416, stack(0x000000001a6d0000,0x000000001a7d0000)]
  0x000000001846f800 JavaThread "Service Thread" daemon [_thread_blocked, id=4516, stack(0x0000000019790000,0x0000000019890000)]
  0x00000000183fc800 JavaThread "C1 CompilerThread2" daemon [_thread_blocked, id=4332, stack(0x0000000019690000,0x0000000019790000)]
  0x00000000183fb800 JavaThread "C2 CompilerThread1" daemon [_thread_in_native, id=2428, stack(0x0000000019590000,0x0000000019690000)]
=>0x00000000183f3800 JavaThread "C2 CompilerThread0" daemon [_thread_in_native, id=5584, stack(0x0000000019490000,0x0000000019590000)]
  0x00000000183f2800 JavaThread "Attach Listener" daemon [_thread_blocked, id=1776, stack(0x0000000019390000,0x0000000019490000)]
  0x00000000183f0000 JavaThread "Signal Dispatcher" daemon [_thread_blocked, id=2532, stack(0x0000000019290000,0x0000000019390000)]
  0x00000000183ef000 JavaThread "Surrogate Locker Thread (Concurrent GC)" daemon [_thread_blocked, id=1884, stack(0x0000000019190000,0x0000000019290000)]
  0x00000000183d5000 JavaThread "Finalizer" daemon [_thread_blocked, id=5644, stack(0x0000000019090000,0x0000000019190000)]
  0x00000000183c9800 JavaThread "Reference Handler" daemon [_thread_blocked, id=4036, stack(0x0000000018f90000,0x0000000019090000)]
  0x0000000002500000 JavaThread "main" [_thread_in_native, id=500, stack(0x0000000000030000,0x0000000000130000)]

Other Threads:
  0x00000000183c6800 VMThread [stack: 0x0000000018e90000,0x0000000018f90000] [id=6104]
  0x0000000018497000 WatcherThread [stack: 0x0000000019890000,0x0000000019990000] [id=544]

VM state:not at safepoint (normal execution)

VM Mutex/Monitor currently owned by a thread: None

Heap:
 garbage-first heap   total 262144K, used 210616K [0x00000000c0000000, 0x00000000c0100800, 0x0000000100000000)
  region size 1024K, 94 young (96256K), 13 survivors (13312K)
 Metaspace       used 91006K, capacity 99244K, committed 99460K, reserved 1134592K
  class space    used 11122K, capacity 13679K, committed 13700K, reserved 1048576K

Heap Regions: (Y=young(eden), SU=young(survivor), HS=humongous(starts), HC=humongous(continues), CS=collection set, F=free, TS=gc time stamp, PTAMS=previous top-at-mark-start, NTAMS=next top-at-mark-start)
AC   0  O    TS     0 PTAMS 0x00000000c0100000 NTAMS 0x00000000c0100000 space 1024K, 100% used [0x00000000c0000000, 0x00000000c0100000)
AC   0  O    TS     0 PTAMS 0x00000000c0200000 NTAMS 0x00000000c0200000 space 1024K, 100% used [0x00000000c0100000, 0x00000000c0200000)
AC   0  O    TS     0 PTAMS 0x00000000c0300000 NTAMS 0x00000000c0300000 space 1024K, 100% used [0x00000000c0200000, 0x00000000c0300000)
AC   0  O    TS     0 PTAMS 0x00000000c0400000 NTAMS 0x00000000c0400000 space 1024K, 100% used [0x00000000c0300000, 0x00000000c0400000)
AC   0  O    TS     0 PTAMS 0x00000000c0500000 NTAMS 0x00000000c0500000 space 1024K, 100% used [0x00000000c0400000, 0x00000000c0500000)
AC   0  O    TS     0 PTAMS 0x00000000c0600000 NTAMS 0x00000000c0600000 space 1024K, 100% used [0x00000000c0500000, 0x00000000c0600000)
AC   0  O    TS     0 PTAMS 0x00000000c0700000 NTAMS 0x00000000c0700000 space 1024K, 100% used [0x00000000c0600000, 0x00000000c0700000)
AC   0  O    TS     0 PTAMS 0x00000000c0800000 NTAMS 0x00000000c0800000 space 1024K, 100% used [0x00000000c0700000, 0x00000000c0800000)
AC   0  O    TS     0 PTAMS 0x00000000c0900000 NTAMS 0x00000000c0900000 space 1024K, 100% used [0x00000000c0800000, 0x00000000c0900000)
AC   0  O    TS     0 PTAMS 0x00000000c0a00000 NTAMS 0x00000000c0a00000 space 1024K, 100% used [0x00000000c0900000, 0x00000000c0a00000)
AC   0  O    TS     0 PTAMS 0x00000000c0b00000 NTAMS 0x00000000c0b00000 space 1024K, 100% used [0x00000000c0a00000, 0x00000000c0b00000)
AC   0  O    TS     0 PTAMS 0x00000000c0c00000 NTAMS 0x00000000c0c00000 space 1024K, 100% used [0x00000000c0b00000, 0x00000000c0c00000)
AC   0  O    TS     0 PTAMS 0x00000000c0d00000 NTAMS 0x00000000c0d00000 space 1024K, 100% used [0x00000000c0c00000, 0x00000000c0d00000)
AC   0  O    TS     0 PTAMS 0x00000000c0e00000 NTAMS 0x00000000c0e00000 space 1024K, 100% used [0x00000000c0d00000, 0x00000000c0e00000)
AC   0  O    TS     0 PTAMS 0x00000000c0f00000 NTAMS 0x00000000c0f00000 space 1024K, 100% used [0x00000000c0e00000, 0x00000000c0f00000)
AC   0  O    TS     0 PTAMS 0x00000000c1000000 NTAMS 0x00000000c1000000 space 1024K, 100% used [0x00000000c0f00000, 0x00000000c1000000)
AC   0  O    TS     0 PTAMS 0x00000000c1100000 NTAMS 0x00000000c1100000 space 1024K, 100% used [0x00000000c1000000, 0x00000000c1100000)
AC   0  O    TS     0 PTAMS 0x00000000c1200000 NTAMS 0x00000000c1200000 space 1024K, 100% used [0x00000000c1100000, 0x00000000c1200000)
AC   0  O    TS     0 PTAMS 0x00000000c1300000 NTAMS 0x00000000c1300000 space 1024K, 100% used [0x00000000c1200000, 0x00000000c1300000)
AC   0  O    TS     0 PTAMS 0x00000000c1400000 NTAMS 0x00000000c1400000 space 1024K, 100% used [0x00000000c1300000, 0x00000000c1400000)
AC   0  O    TS     0 PTAMS 0x00000000c1500000 NTAMS 0x00000000c1500000 space 1024K, 100% used [0x00000000c1400000, 0x00000000c1500000)
AC   0  O    TS     0 PTAMS 0x00000000c1600000 NTAMS 0x00000000c1600000 space 1024K, 100% used [0x00000000c1500000, 0x00000000c1600000)
AC   0  O    TS     0 PTAMS 0x00000000c1700000 NTAMS 0x00000000c1700000 space 1024K, 100% used [0x00000000c1600000, 0x00000000c1700000)
AC   0  O    TS     0 PTAMS 0x00000000c1800000 NTAMS 0x00000000c1800000 space 1024K, 100% used [0x00000000c1700000, 0x00000000c1800000)
AC   0  O    TS     0 PTAMS 0x00000000c1900000 NTAMS 0x00000000c1900000 space 1024K, 100% used [0x00000000c1800000, 0x00000000c1900000)
AC   0  O    TS     0 PTAMS 0x00000000c1a00000 NTAMS 0x00000000c1a00000 space 1024K, 100% used [0x00000000c1900000, 0x00000000c1a00000)
AC   0  O    TS     0 PTAMS 0x00000000c1b00000 NTAMS 0x00000000c1b00000 space 1024K, 100% used [0x00000000c1a00000, 0x00000000c1b00000)
AC   0  O    TS     0 PTAMS 0x00000000c1c00000 NTAMS 0x00000000c1c00000 space 1024K, 100% used [0x00000000c1b00000, 0x00000000c1c00000)
AC   0  O    TS     0 PTAMS 0x00000000c1d00000 NTAMS 0x00000000c1d00000 space 1024K, 100% used [0x00000000c1c00000, 0x00000000c1d00000)
AC   0  O    TS     1 PTAMS 0x00000000c1dd8200 NTAMS 0x00000000c1dd8200 space 1024K, 100% used [0x00000000c1d00000, 0x00000000c1e00000)
AC   0 HS    TS     0 PTAMS 0x00000000c1e00000 NTAMS 0x00000000c1e00000 space 1024K,  50% used [0x00000000c1e00000, 0x00000000c1f00000)
AC   0  O    TS     1 PTAMS 0x00000000c1f00000 NTAMS 0x00000000c1f00000 space 1024K, 100% used [0x00000000c1f00000, 0x00000000c2000000)
AC   0  O    TS     1 PTAMS 0x00000000c2000000 NTAMS 0x00000000c2000000 space 1024K, 100% used [0x00000000c2000000, 0x00000000c2100000)
AC   0  O    TS     1 PTAMS 0x00000000c2100000 NTAMS 0x00000000c2100000 space 1024K, 100% used [0x00000000c2100000, 0x00000000c2200000)
AC   0  O    TS     1 PTAMS 0x00000000c2200000 NTAMS 0x00000000c2200000 space 1024K, 100% used [0x00000000c2200000, 0x00000000c2300000)
AC   0  O    TS     1 PTAMS 0x00000000c2300000 NTAMS 0x00000000c2300000 space 1024K, 100% used [0x00000000c2300000, 0x00000000c2400000)
AC   0  O    TS     1 PTAMS 0x00000000c2400000 NTAMS 0x00000000c2400000 space 1024K, 100% used [0x00000000c2400000, 0x00000000c2500000)
AC   0  O    TS     1 PTAMS 0x00000000c2500000 NTAMS 0x00000000c2500000 space 1024K, 100% used [0x00000000c2500000, 0x00000000c2600000)
AC   0  O    TS     1 PTAMS 0x00000000c2600000 NTAMS 0x00000000c2600000 space 1024K, 100% used [0x00000000c2600000, 0x00000000c2700000)
AC   0  O    TS     1 PTAMS 0x00000000c2700000 NTAMS 0x00000000c2700000 space 1024K, 100% used [0x00000000c2700000, 0x00000000c2800000)
AC   0  O    TS     1 PTAMS 0x00000000c2800000 NTAMS 0x00000000c2800000 space 1024K, 100% used [0x00000000c2800000, 0x00000000c2900000)
AC   0  O    TS     1 PTAMS 0x00000000c2900000 NTAMS 0x00000000c2900000 space 1024K, 100% used [0x00000000c2900000, 0x00000000c2a00000)
AC   0  O    TS     1 PTAMS 0x00000000c2a00000 NTAMS 0x00000000c2a00000 space 1024K, 100% used [0x00000000c2a00000, 0x00000000c2b00000)
AC   0  O    TS     1 PTAMS 0x00000000c2b00000 NTAMS 0x00000000c2b00000 space 1024K, 100% used [0x00000000c2b00000, 0x00000000c2c00000)
AC   0  O    TS     1 PTAMS 0x00000000c2c00000 NTAMS 0x00000000c2c00000 space 1024K, 100% used [0x00000000c2c00000, 0x00000000c2d00000)
AC   0  O    TS     1 PTAMS 0x00000000c2d00000 NTAMS 0x00000000c2d00000 space 1024K, 100% used [0x00000000c2d00000, 0x00000000c2e00000)
AC   0  O    TS     1 PTAMS 0x00000000c2e00000 NTAMS 0x00000000c2e00000 space 1024K, 100% used [0x00000000c2e00000, 0x00000000c2f00000)
AC   0  O    TS     1 PTAMS 0x00000000c2f00000 NTAMS 0x00000000c2f00000 space 1024K, 100% used [0x00000000c2f00000, 0x00000000c3000000)
AC   0  O    TS     1 PTAMS 0x00000000c3000000 NTAMS 0x00000000c3000000 space 1024K, 100% used [0x00000000c3000000, 0x00000000c3100000)
AC   0  O    TS     1 PTAMS 0x00000000c3100000 NTAMS 0x00000000c3100000 space 1024K, 100% used [0x00000000c3100000, 0x00000000c3200000)
AC   0  O    TS     1 PTAMS 0x00000000c3200000 NTAMS 0x00000000c3200000 space 1024K, 100% used [0x00000000c3200000, 0x00000000c3300000)
AC   0  O    TS     1 PTAMS 0x00000000c3300000 NTAMS 0x00000000c3300000 space 1024K, 100% used [0x00000000c3300000, 0x00000000c3400000)
AC   0  O    TS     1 PTAMS 0x00000000c3400000 NTAMS 0x00000000c3400000 space 1024K, 100% used [0x00000000c3400000, 0x00000000c3500000)
AC   0  O    TS     1 PTAMS 0x00000000c3500000 NTAMS 0x00000000c3500000 space 1024K, 100% used [0x00000000c3500000, 0x00000000c3600000)
AC   0  O    TS     1 PTAMS 0x00000000c3600000 NTAMS 0x00000000c3600000 space 1024K, 100% used [0x00000000c3600000, 0x00000000c3700000)
AC   0  O    TS     1 PTAMS 0x00000000c3700000 NTAMS 0x00000000c3700000 space 1024K, 100% used [0x00000000c3700000, 0x00000000c3800000)
AC   0  O    TS     1 PTAMS 0x00000000c3800000 NTAMS 0x00000000c3800000 space 1024K, 100% used [0x00000000c3800000, 0x00000000c3900000)
AC   0  O    TS     1 PTAMS 0x00000000c3900000 NTAMS 0x00000000c3900000 space 1024K, 100% used [0x00000000c3900000, 0x00000000c3a00000)
AC   0  O    TS     1 PTAMS 0x00000000c3a00000 NTAMS 0x00000000c3a00000 space 1024K, 100% used [0x00000000c3a00000, 0x00000000c3b00000)
AC   0  O    TS     1 PTAMS 0x00000000c3b00000 NTAMS 0x00000000c3b00000 space 1024K, 100% used [0x00000000c3b00000, 0x00000000c3c00000)
AC   0  O    TS     3 PTAMS 0x00000000c3c00000 NTAMS 0x00000000c3c00000 space 1024K, 100% used [0x00000000c3c00000, 0x00000000c3d00000)
AC   0  O    TS     3 PTAMS 0x00000000c3d00000 NTAMS 0x00000000c3d00000 space 1024K, 100% used [0x00000000c3d00000, 0x00000000c3e00000)
AC   0  O    TS     3 PTAMS 0x00000000c3e00000 NTAMS 0x00000000c3e00000 space 1024K, 100% used [0x00000000c3e00000, 0x00000000c3f00000)
AC   0  O    TS     3 PTAMS 0x00000000c3f00000 NTAMS 0x00000000c3f00000 space 1024K, 100% used [0x00000000c3f00000, 0x00000000c4000000)
AC   0  O    TS     3 PTAMS 0x00000000c4000000 NTAMS 0x00000000c4000000 space 1024K, 100% used [0x00000000c4000000, 0x00000000c4100000)
AC   0  O    TS     3 PTAMS 0x00000000c4100000 NTAMS 0x00000000c4100000 space 1024K, 100% used [0x00000000c4100000, 0x00000000c4200000)
AC   0  O    TS     3 PTAMS 0x00000000c4200000 NTAMS 0x00000000c4200000 space 1024K, 100% used [0x00000000c4200000, 0x00000000c4300000)
AC   0  O    TS     3 PTAMS 0x00000000c4300000 NTAMS 0x00000000c4300000 space 1024K, 100% used [0x00000000c4300000, 0x00000000c4400000)
AC   0  O    TS     3 PTAMS 0x00000000c4400000 NTAMS 0x00000000c4400000 space 1024K, 100% used [0x00000000c4400000, 0x00000000c4500000)
AC   0  O    TS     3 PTAMS 0x00000000c4500000 NTAMS 0x00000000c4500000 space 1024K, 100% used [0x00000000c4500000, 0x00000000c4600000)
AC   0  O    TS     3 PTAMS 0x00000000c4600000 NTAMS 0x00000000c4600000 space 1024K, 100% used [0x00000000c4600000, 0x00000000c4700000)
AC   0  O    TS     5 PTAMS 0x00000000c4700000 NTAMS 0x00000000c4700000 space 1024K, 100% used [0x00000000c4700000, 0x00000000c4800000)
AC   0  O    TS     5 PTAMS 0x00000000c4800000 NTAMS 0x00000000c4800000 space 1024K, 100% used [0x00000000c4800000, 0x00000000c4900000)
AC   0  O    TS     5 PTAMS 0x00000000c4900000 NTAMS 0x00000000c4900000 space 1024K, 100% used [0x00000000c4900000, 0x00000000c4a00000)
AC   0  O    TS     5 PTAMS 0x00000000c4a00000 NTAMS 0x00000000c4a00000 space 1024K, 100% used [0x00000000c4a00000, 0x00000000c4b00000)
AC   0  O    TS     5 PTAMS 0x00000000c4b00000 NTAMS 0x00000000c4b00000 space 1024K, 100% used [0x00000000c4b00000, 0x00000000c4c00000)
AC   0  O    TS     5 PTAMS 0x00000000c4c00000 NTAMS 0x00000000c4c00000 space 1024K, 100% used [0x00000000c4c00000, 0x00000000c4d00000)
AC   0  O    TS     5 PTAMS 0x00000000c4d00000 NTAMS 0x00000000c4d00000 space 1024K, 100% used [0x00000000c4d00000, 0x00000000c4e00000)
AC   0  O    TS     5 PTAMS 0x00000000c4e00000 NTAMS 0x00000000c4e00000 space 1024K, 100% used [0x00000000c4e00000, 0x00000000c4f00000)
AC   0  O    TS     5 PTAMS 0x00000000c4f00000 NTAMS 0x00000000c4f00000 space 1024K, 100% used [0x00000000c4f00000, 0x00000000c5000000)
AC   0  O    TS     5 PTAMS 0x00000000c5000000 NTAMS 0x00000000c5000000 space 1024K, 100% used [0x00000000c5000000, 0x00000000c5100000)
AC   0  O    TS     5 PTAMS 0x00000000c5100000 NTAMS 0x00000000c5100000 space 1024K, 100% used [0x00000000c5100000, 0x00000000c5200000)
AC   0  O    TS     5 PTAMS 0x00000000c5200000 NTAMS 0x00000000c5200000 space 1024K, 100% used [0x00000000c5200000, 0x00000000c5300000)
AC   0  O    TS     5 PTAMS 0x00000000c5300000 NTAMS 0x00000000c5300000 space 1024K, 100% used [0x00000000c5300000, 0x00000000c5400000)
AC   0  O    TS     5 PTAMS 0x00000000c5400000 NTAMS 0x00000000c5400000 space 1024K, 100% used [0x00000000c5400000, 0x00000000c5500000)
AC   0  O    TS     5 PTAMS 0x00000000c5500000 NTAMS 0x00000000c5500000 space 1024K, 100% used [0x00000000c5500000, 0x00000000c5600000)
AC   0  O    TS     5 PTAMS 0x00000000c5600000 NTAMS 0x00000000c5600000 space 1024K, 100% used [0x00000000c5600000, 0x00000000c5700000)
AC   0  O    TS     5 PTAMS 0x00000000c5700000 NTAMS 0x00000000c5700000 space 1024K, 100% used [0x00000000c5700000, 0x00000000c5800000)
AC   0 HS    TS     3 PTAMS 0x00000000c5800000 NTAMS 0x00000000c5800000 space 12288K,  92% used [0x00000000c5800000, 0x00000000c6400000)
AC   0 HC    TS     3 PTAMS 0x00000000c5900000 NTAMS 0x00000000c5900000 space 1024K, 100% used [0x00000000c5900000, 0x00000000c5a00000)
AC   0 HC    TS     3 PTAMS 0x00000000c5a00000 NTAMS 0x00000000c5a00000 space 1024K, 100% used [0x00000000c5a00000, 0x00000000c5b00000)
AC   0 HC    TS     3 PTAMS 0x00000000c5b00000 NTAMS 0x00000000c5b00000 space 1024K, 100% used [0x00000000c5b00000, 0x00000000c5c00000)
AC   0 HC    TS     3 PTAMS 0x00000000c5c00000 NTAMS 0x00000000c5c00000 space 1024K, 100% used [0x00000000c5c00000, 0x00000000c5d00000)
AC   0 HC    TS     3 PTAMS 0x00000000c5d00000 NTAMS 0x00000000c5d00000 space 1024K, 100% used [0x00000000c5d00000, 0x00000000c5e00000)
AC   0 HC    TS     3 PTAMS 0x00000000c5e00000 NTAMS 0x00000000c5e00000 space 1024K, 100% used [0x00000000c5e00000, 0x00000000c5f00000)
AC   0 HC    TS     3 PTAMS 0x00000000c5f00000 NTAMS 0x00000000c5f00000 space 1024K, 100% used [0x00000000c5f00000, 0x00000000c6000000)
AC   0 HC    TS     3 PTAMS 0x00000000c6000000 NTAMS 0x00000000c6000000 space 1024K, 100% used [0x00000000c6000000, 0x00000000c6100000)
AC   0 HC    TS     3 PTAMS 0x00000000c6100000 NTAMS 0x00000000c6100000 space 1024K, 100% used [0x00000000c6100000, 0x00000000c6200000)
AC   0 HC    TS     3 PTAMS 0x00000000c6200000 NTAMS 0x00000000c6200000 space 1024K, 100% used [0x00000000c6200000, 0x00000000c6300000)
AC   0 HC    TS     3 PTAMS 0x00000000c6300000 NTAMS 0x00000000c6300000 space 1024K,   9% used [0x00000000c6300000, 0x00000000c6400000)
AC   0  F    TS     3 PTAMS 0x00000000c6400000 NTAMS 0x00000000c6400000 space 1024K,   0% used [0x00000000c6400000, 0x00000000c6500000)
AC   0  F    TS     3 PTAMS 0x00000000c6500000 NTAMS 0x00000000c6500000 space 1024K,   0% used [0x00000000c6500000, 0x00000000c6600000)
AC   0  F    TS     3 PTAMS 0x00000000c6600000 NTAMS 0x00000000c6600000 space 1024K,   0% used [0x00000000c6600000, 0x00000000c6700000)
AC   0  F    TS     3 PTAMS 0x00000000c6700000 NTAMS 0x00000000c6700000 space 1024K,   0% used [0x00000000c6700000, 0x00000000c6800000)
AC   0  F    TS     3 PTAMS 0x00000000c6800000 NTAMS 0x00000000c6800000 space 1024K,   0% used [0x00000000c6800000, 0x00000000c6900000)
AC   0  O    TS     5 PTAMS 0x00000000c6900000 NTAMS 0x00000000c6900000 space 1024K, 100% used [0x00000000c6900000, 0x00000000c6a00000)
AC   0  O    TS     5 PTAMS 0x00000000c6a00000 NTAMS 0x00000000c6a00000 space 1024K, 100% used [0x00000000c6a00000, 0x00000000c6b00000)
AC   0  O    TS     5 PTAMS 0x00000000c6b00000 NTAMS 0x00000000c6b00000 space 1024K, 100% used [0x00000000c6b00000, 0x00000000c6c00000)
AC   0  O    TS     5 PTAMS 0x00000000c6c00000 NTAMS 0x00000000c6c00000 space 1024K,  50% used [0x00000000c6c00000, 0x00000000c6d00000)
AC   0 HS    TS     1 PTAMS 0x00000000c6d00000 NTAMS 0x00000000c6d00000 space 12288K,  92% used [0x00000000c6d00000, 0x00000000c7900000)
AC   0 HC    TS     1 PTAMS 0x00000000c6e00000 NTAMS 0x00000000c6e00000 space 1024K, 100% used [0x00000000c6e00000, 0x00000000c6f00000)
AC   0 HC    TS     3 PTAMS 0x00000000c6f00000 NTAMS 0x00000000c6f00000 space 1024K, 100% used [0x00000000c6f00000, 0x00000000c7000000)
AC   0 HC    TS     3 PTAMS 0x00000000c7000000 NTAMS 0x00000000c7000000 space 1024K, 100% used [0x00000000c7000000, 0x00000000c7100000)
AC   0 HC    TS     0 PTAMS 0x00000000c7100000 NTAMS 0x00000000c7100000 space 1024K, 100% used [0x00000000c7100000, 0x00000000c7200000)
AC   0 HC    TS     0 PTAMS 0x00000000c7200000 NTAMS 0x00000000c7200000 space 1024K, 100% used [0x00000000c7200000, 0x00000000c7300000)
AC   0 HC    TS     0 PTAMS 0x00000000c7300000 NTAMS 0x00000000c7300000 space 1024K, 100% used [0x00000000c7300000, 0x00000000c7400000)
AC   0 HC    TS     0 PTAMS 0x00000000c7400000 NTAMS 0x00000000c7400000 space 1024K, 100% used [0x00000000c7400000, 0x00000000c7500000)
AC   0 HC    TS     0 PTAMS 0x00000000c7500000 NTAMS 0x00000000c7500000 space 1024K, 100% used [0x00000000c7500000, 0x00000000c7600000)
AC   0 HC    TS     0 PTAMS 0x00000000c7600000 NTAMS 0x00000000c7600000 space 1024K, 100% used [0x00000000c7600000, 0x00000000c7700000)
AC   0 HC    TS     0 PTAMS 0x00000000c7700000 NTAMS 0x00000000c7700000 space 1024K, 100% used [0x00000000c7700000, 0x00000000c7800000)
AC   0 HC    TS     0 PTAMS 0x00000000c7800000 NTAMS 0x00000000c7800000 space 1024K,   9% used [0x00000000c7800000, 0x00000000c7900000)
AC   0  F    TS     0 PTAMS 0x00000000c7900000 NTAMS 0x00000000c7900000 space 1024K,   0% used [0x00000000c7900000, 0x00000000c7a00000)
AC   0  F    TS     0 PTAMS 0x00000000c7a00000 NTAMS 0x00000000c7a00000 space 1024K,   0% used [0x00000000c7a00000, 0x00000000c7b00000)
AC   0  S CS TS     5 PTAMS 0x00000000c7b00000 NTAMS 0x00000000c7b00000 space 1024K,  49% used [0x00000000c7b00000, 0x00000000c7c00000)
AC   0  S CS TS     5 PTAMS 0x00000000c7c00000 NTAMS 0x00000000c7c00000 space 1024K, 100% used [0x00000000c7c00000, 0x00000000c7d00000)
AC   0  S CS TS     5 PTAMS 0x00000000c7d00000 NTAMS 0x00000000c7d00000 space 1024K, 100% used [0x00000000c7d00000, 0x00000000c7e00000)
AC   0  S CS TS     5 PTAMS 0x00000000c7e00000 NTAMS 0x00000000c7e00000 space 1024K, 100% used [0x00000000c7e00000, 0x00000000c7f00000)
AC   0  S CS TS     5 PTAMS 0x00000000c7f00000 NTAMS 0x00000000c7f00000 space 1024K, 100% used [0x00000000c7f00000, 0x00000000c8000000)
AC   0  S CS TS     5 PTAMS 0x00000000c8000000 NTAMS 0x00000000c8000000 space 1024K, 100% used [0x00000000c8000000, 0x00000000c8100000)
AC   0  S CS TS     5 PTAMS 0x00000000c8100000 NTAMS 0x00000000c8100000 space 1024K, 100% used [0x00000000c8100000, 0x00000000c8200000)
AC   0  S CS TS     5 PTAMS 0x00000000c8200000 NTAMS 0x00000000c8200000 space 1024K, 100% used [0x00000000c8200000, 0x00000000c8300000)
AC   0  S CS TS     5 PTAMS 0x00000000c8300000 NTAMS 0x00000000c8300000 space 1024K, 100% used [0x00000000c8300000, 0x00000000c8400000)
AC   0  S CS TS     5 PTAMS 0x00000000c8400000 NTAMS 0x00000000c8400000 space 1024K, 100% used [0x00000000c8400000, 0x00000000c8500000)
AC   0  S CS TS     5 PTAMS 0x00000000c8500000 NTAMS 0x00000000c8500000 space 1024K, 100% used [0x00000000c8500000, 0x00000000c8600000)
AC   0  S CS TS     5 PTAMS 0x00000000c8600000 NTAMS 0x00000000c8600000 space 1024K, 100% used [0x00000000c8600000, 0x00000000c8700000)
AC   0  S CS TS     5 PTAMS 0x00000000c8700000 NTAMS 0x00000000c8700000 space 1024K, 100% used [0x00000000c8700000, 0x00000000c8800000)
AC   0  F    TS     1 PTAMS 0x00000000c8800000 NTAMS 0x00000000c8800000 space 1024K,   0% used [0x00000000c8800000, 0x00000000c8900000)
AC   0  F    TS     1 PTAMS 0x00000000c8900000 NTAMS 0x00000000c8900000 space 1024K,   0% used [0x00000000c8900000, 0x00000000c8a00000)
AC   0  F    TS     1 PTAMS 0x00000000c8a00000 NTAMS 0x00000000c8a00000 space 1024K,   0% used [0x00000000c8a00000, 0x00000000c8b00000)
AC   0  F    TS     1 PTAMS 0x00000000c8b00000 NTAMS 0x00000000c8b00000 space 1024K,   0% used [0x00000000c8b00000, 0x00000000c8c00000)
AC   0  F    TS     1 PTAMS 0x00000000c8c00000 NTAMS 0x00000000c8c00000 space 1024K,   0% used [0x00000000c8c00000, 0x00000000c8d00000)
AC   0  F    TS     1 PTAMS 0x00000000c8d00000 NTAMS 0x00000000c8d00000 space 1024K,   0% used [0x00000000c8d00000, 0x00000000c8e00000)
AC   0  F    TS     0 PTAMS 0x00000000c8e00000 NTAMS 0x00000000c8e00000 space 1024K,   0% used [0x00000000c8e00000, 0x00000000c8f00000)
AC   0  F    TS     0 PTAMS 0x00000000c8f00000 NTAMS 0x00000000c8f00000 space 1024K,   0% used [0x00000000c8f00000, 0x00000000c9000000)
AC   0  F    TS     0 PTAMS 0x00000000c9000000 NTAMS 0x00000000c9000000 space 1024K,   0% used [0x00000000c9000000, 0x00000000c9100000)
AC   0  F    TS     0 PTAMS 0x00000000c9100000 NTAMS 0x00000000c9100000 space 1024K,   0% used [0x00000000c9100000, 0x00000000c9200000)
AC   0  F    TS     0 PTAMS 0x00000000c9200000 NTAMS 0x00000000c9200000 space 1024K,   0% used [0x00000000c9200000, 0x00000000c9300000)
AC   0  F    TS     0 PTAMS 0x00000000c9300000 NTAMS 0x00000000c9300000 space 1024K,   0% used [0x00000000c9300000, 0x00000000c9400000)
AC   0  F    TS     0 PTAMS 0x00000000c9400000 NTAMS 0x00000000c9400000 space 1024K,   0% used [0x00000000c9400000, 0x00000000c9500000)
AC   0  F    TS     0 PTAMS 0x00000000c9500000 NTAMS 0x00000000c9500000 space 1024K,   0% used [0x00000000c9500000, 0x00000000c9600000)
AC   0  F    TS     0 PTAMS 0x00000000c9600000 NTAMS 0x00000000c9600000 space 1024K,   0% used [0x00000000c9600000, 0x00000000c9700000)
AC   0  F    TS     0 PTAMS 0x00000000c9700000 NTAMS 0x00000000c9700000 space 1024K,   0% used [0x00000000c9700000, 0x00000000c9800000)
AC   0  F    TS     0 PTAMS 0x00000000c9800000 NTAMS 0x00000000c9800000 space 1024K,   0% used [0x00000000c9800000, 0x00000000c9900000)
AC   0  F    TS     0 PTAMS 0x00000000c9900000 NTAMS 0x00000000c9900000 space 1024K,   0% used [0x00000000c9900000, 0x00000000c9a00000)
AC   0  F    TS     0 PTAMS 0x00000000c9a00000 NTAMS 0x00000000c9a00000 space 1024K,   0% used [0x00000000c9a00000, 0x00000000c9b00000)
AC   0  F    TS     0 PTAMS 0x00000000c9b00000 NTAMS 0x00000000c9b00000 space 1024K,   0% used [0x00000000c9b00000, 0x00000000c9c00000)
AC   0  F    TS     0 PTAMS 0x00000000c9c00000 NTAMS 0x00000000c9c00000 space 1024K,   0% used [0x00000000c9c00000, 0x00000000c9d00000)
AC   0  F    TS     0 PTAMS 0x00000000c9d00000 NTAMS 0x00000000c9d00000 space 1024K,   0% used [0x00000000c9d00000, 0x00000000c9e00000)
AC   0  F    TS     0 PTAMS 0x00000000c9e00000 NTAMS 0x00000000c9e00000 space 1024K,   0% used [0x00000000c9e00000, 0x00000000c9f00000)
AC   0  F    TS     0 PTAMS 0x00000000c9f00000 NTAMS 0x00000000c9f00000 space 1024K,   0% used [0x00000000c9f00000, 0x00000000ca000000)
AC   0  F    TS     0 PTAMS 0x00000000ca000000 NTAMS 0x00000000ca000000 space 1024K,   0% used [0x00000000ca000000, 0x00000000ca100000)
AC   0  F    TS     0 PTAMS 0x00000000ca100000 NTAMS 0x00000000ca100000 space 1024K,   0% used [0x00000000ca100000, 0x00000000ca200000)
AC   0  F    TS     0 PTAMS 0x00000000ca200000 NTAMS 0x00000000ca200000 space 1024K,   0% used [0x00000000ca200000, 0x00000000ca300000)
AC   0  F    TS     0 PTAMS 0x00000000ca300000 NTAMS 0x00000000ca300000 space 1024K,   0% used [0x00000000ca300000, 0x00000000ca400000)
AC   0  F    TS     0 PTAMS 0x00000000ca400000 NTAMS 0x00000000ca400000 space 1024K,   0% used [0x00000000ca400000, 0x00000000ca500000)
AC   0  F    TS     0 PTAMS 0x00000000ca500000 NTAMS 0x00000000ca500000 space 1024K,   0% used [0x00000000ca500000, 0x00000000ca600000)
AC   0  F    TS     0 PTAMS 0x00000000ca600000 NTAMS 0x00000000ca600000 space 1024K,   0% used [0x00000000ca600000, 0x00000000ca700000)
AC   0  F    TS     0 PTAMS 0x00000000ca700000 NTAMS 0x00000000ca700000 space 1024K,   0% used [0x00000000ca700000, 0x00000000ca800000)
AC   0  F    TS     0 PTAMS 0x00000000ca800000 NTAMS 0x00000000ca800000 space 1024K,   0% used [0x00000000ca800000, 0x00000000ca900000)
AC   0  F    TS     0 PTAMS 0x00000000ca900000 NTAMS 0x00000000ca900000 space 1024K,   0% used [0x00000000ca900000, 0x00000000caa00000)
AC   0  F    TS     0 PTAMS 0x00000000caa00000 NTAMS 0x00000000caa00000 space 1024K,   0% used [0x00000000caa00000, 0x00000000cab00000)
AC   0  F    TS     0 PTAMS 0x00000000cab00000 NTAMS 0x00000000cab00000 space 1024K,   0% used [0x00000000cab00000, 0x00000000cac00000)
AC   0  F    TS     0 PTAMS 0x00000000cac00000 NTAMS 0x00000000cac00000 space 1024K,   0% used [0x00000000cac00000, 0x00000000cad00000)
AC   0  F    TS     0 PTAMS 0x00000000cad00000 NTAMS 0x00000000cad00000 space 1024K,   0% used [0x00000000cad00000, 0x00000000cae00000)
AC   0  F    TS     0 PTAMS 0x00000000cae00000 NTAMS 0x00000000cae00000 space 1024K,   0% used [0x00000000cae00000, 0x00000000caf00000)
AC   0  E    TS     0 PTAMS 0x00000000caf00000 NTAMS 0x00000000caf00000 space 1024K,  50% used [0x00000000caf00000, 0x00000000cb000000)
AC   0  E CS TS     0 PTAMS 0x00000000cb000000 NTAMS 0x00000000cb000000 space 1024K, 100% used [0x00000000cb000000, 0x00000000cb100000)
AC   0  E CS TS     0 PTAMS 0x00000000cb100000 NTAMS 0x00000000cb100000 space 1024K, 100% used [0x00000000cb100000, 0x00000000cb200000)
AC   0  E CS TS     0 PTAMS 0x00000000cb200000 NTAMS 0x00000000cb200000 space 1024K, 100% used [0x00000000cb200000, 0x00000000cb300000)
AC   0  E CS TS     0 PTAMS 0x00000000cb300000 NTAMS 0x00000000cb300000 space 1024K, 100% used [0x00000000cb300000, 0x00000000cb400000)
AC   0  E CS TS     0 PTAMS 0x00000000cb400000 NTAMS 0x00000000cb400000 space 1024K, 100% used [0x00000000cb400000, 0x00000000cb500000)
AC   0  E CS TS     0 PTAMS 0x00000000cb500000 NTAMS 0x00000000cb500000 space 1024K, 100% used [0x00000000cb500000, 0x00000000cb600000)
AC   0  E CS TS     0 PTAMS 0x00000000cb600000 NTAMS 0x00000000cb600000 space 1024K, 100% used [0x00000000cb600000, 0x00000000cb700000)
AC   0  E CS TS     0 PTAMS 0x00000000cb700000 NTAMS 0x00000000cb700000 space 1024K, 100% used [0x00000000cb700000, 0x00000000cb800000)
AC   0  E CS TS     0 PTAMS 0x00000000cb800000 NTAMS 0x00000000cb800000 space 1024K, 100% used [0x00000000cb800000, 0x00000000cb900000)
AC   0  E CS TS     0 PTAMS 0x00000000cb900000 NTAMS 0x00000000cb900000 space 1024K, 100% used [0x00000000cb900000, 0x00000000cba00000)
AC   0  E CS TS     0 PTAMS 0x00000000cba00000 NTAMS 0x00000000cba00000 space 1024K, 100% used [0x00000000cba00000, 0x00000000cbb00000)
AC   0  E CS TS     0 PTAMS 0x00000000cbb00000 NTAMS 0x00000000cbb00000 space 1024K, 100% used [0x00000000cbb00000, 0x00000000cbc00000)
AC   0  E CS TS     0 PTAMS 0x00000000cbc00000 NTAMS 0x00000000cbc00000 space 1024K, 100% used [0x00000000cbc00000, 0x00000000cbd00000)
AC   0  E CS TS     0 PTAMS 0x00000000cbd00000 NTAMS 0x00000000cbd00000 space 1024K, 100% used [0x00000000cbd00000, 0x00000000cbe00000)
AC   0  E CS TS     0 PTAMS 0x00000000cbe00000 NTAMS 0x00000000cbe00000 space 1024K, 100% used [0x00000000cbe00000, 0x00000000cbf00000)
AC   0  E CS TS     0 PTAMS 0x00000000cbf00000 NTAMS 0x00000000cbf00000 space 1024K, 100% used [0x00000000cbf00000, 0x00000000cc000000)
AC   0  E CS TS     0 PTAMS 0x00000000cc000000 NTAMS 0x00000000cc000000 space 1024K, 100% used [0x00000000cc000000, 0x00000000cc100000)
AC   0  E CS TS     0 PTAMS 0x00000000cc100000 NTAMS 0x00000000cc100000 space 1024K, 100% used [0x00000000cc100000, 0x00000000cc200000)
AC   0  E CS TS     0 PTAMS 0x00000000cc200000 NTAMS 0x00000000cc200000 space 1024K, 100% used [0x00000000cc200000, 0x00000000cc300000)
AC   0  E CS TS     0 PTAMS 0x00000000cc300000 NTAMS 0x00000000cc300000 space 1024K, 100% used [0x00000000cc300000, 0x00000000cc400000)
AC   0  E CS TS     0 PTAMS 0x00000000cc400000 NTAMS 0x00000000cc400000 space 1024K, 100% used [0x00000000cc400000, 0x00000000cc500000)
AC   0  E CS TS     0 PTAMS 0x00000000cc500000 NTAMS 0x00000000cc500000 space 1024K, 100% used [0x00000000cc500000, 0x00000000cc600000)
AC   0  E CS TS     0 PTAMS 0x00000000cc600000 NTAMS 0x00000000cc600000 space 1024K, 100% used [0x00000000cc600000, 0x00000000cc700000)
AC   0  E CS TS     0 PTAMS 0x00000000cc700000 NTAMS 0x00000000cc700000 space 1024K, 100% used [0x00000000cc700000, 0x00000000cc800000)
AC   0  E CS TS     0 PTAMS 0x00000000cc800000 NTAMS 0x00000000cc800000 space 1024K, 100% used [0x00000000cc800000, 0x00000000cc900000)
AC   0  E CS TS     0 PTAMS 0x00000000cc900000 NTAMS 0x00000000cc900000 space 1024K, 100% used [0x00000000cc900000, 0x00000000cca00000)
AC   0  E CS TS     0 PTAMS 0x00000000cca00000 NTAMS 0x00000000cca00000 space 1024K, 100% used [0x00000000cca00000, 0x00000000ccb00000)
AC   0  E CS TS     0 PTAMS 0x00000000ccb00000 NTAMS 0x00000000ccb00000 space 1024K, 100% used [0x00000000ccb00000, 0x00000000ccc00000)
AC   0  E CS TS     0 PTAMS 0x00000000ccc00000 NTAMS 0x00000000ccc00000 space 1024K, 100% used [0x00000000ccc00000, 0x00000000ccd00000)
AC   0  E CS TS     0 PTAMS 0x00000000ccd00000 NTAMS 0x00000000ccd00000 space 1024K, 100% used [0x00000000ccd00000, 0x00000000cce00000)
AC   0  E CS TS     0 PTAMS 0x00000000cce00000 NTAMS 0x00000000cce00000 space 1024K, 100% used [0x00000000cce00000, 0x00000000ccf00000)
AC   0  E CS TS     0 PTAMS 0x00000000ccf00000 NTAMS 0x00000000ccf00000 space 1024K, 100% used [0x00000000ccf00000, 0x00000000cd000000)
AC   0  E CS TS     0 PTAMS 0x00000000cd000000 NTAMS 0x00000000cd000000 space 1024K, 100% used [0x00000000cd000000, 0x00000000cd100000)
AC   0  E CS TS     0 PTAMS 0x00000000cd100000 NTAMS 0x00000000cd100000 space 1024K, 100% used [0x00000000cd100000, 0x00000000cd200000)
AC   0  E CS TS     0 PTAMS 0x00000000cd200000 NTAMS 0x00000000cd200000 space 1024K, 100% used [0x00000000cd200000, 0x00000000cd300000)
AC   0  E CS TS     0 PTAMS 0x00000000cd300000 NTAMS 0x00000000cd300000 space 1024K, 100% used [0x00000000cd300000, 0x00000000cd400000)
AC   0  E CS TS     0 PTAMS 0x00000000cd400000 NTAMS 0x00000000cd400000 space 1024K, 100% used [0x00000000cd400000, 0x00000000cd500000)
AC   0  E CS TS     0 PTAMS 0x00000000cd500000 NTAMS 0x00000000cd500000 space 1024K, 100% used [0x00000000cd500000, 0x00000000cd600000)
AC   0  E CS TS     0 PTAMS 0x00000000cd600000 NTAMS 0x00000000cd600000 space 1024K, 100% used [0x00000000cd600000, 0x00000000cd700000)
AC   0  E CS TS     0 PTAMS 0x00000000cd700000 NTAMS 0x00000000cd700000 space 1024K, 100% used [0x00000000cd700000, 0x00000000cd800000)
AC   0  E CS TS     0 PTAMS 0x00000000cd800000 NTAMS 0x00000000cd800000 space 1024K, 100% used [0x00000000cd800000, 0x00000000cd900000)
AC   0  E CS TS     0 PTAMS 0x00000000cd900000 NTAMS 0x00000000cd900000 space 1024K, 100% used [0x00000000cd900000, 0x00000000cda00000)
AC   0  E CS TS     0 PTAMS 0x00000000cda00000 NTAMS 0x00000000cda00000 space 1024K, 100% used [0x00000000cda00000, 0x00000000cdb00000)
AC   0  E CS TS     0 PTAMS 0x00000000cdb00000 NTAMS 0x00000000cdb00000 space 1024K, 100% used [0x00000000cdb00000, 0x00000000cdc00000)
AC   0  E CS TS     0 PTAMS 0x00000000cdc00000 NTAMS 0x00000000cdc00000 space 1024K, 100% used [0x00000000cdc00000, 0x00000000cdd00000)
AC   0  E CS TS     0 PTAMS 0x00000000cdd00000 NTAMS 0x00000000cdd00000 space 1024K, 100% used [0x00000000cdd00000, 0x00000000cde00000)
AC   0  E CS TS     0 PTAMS 0x00000000cde00000 NTAMS 0x00000000cde00000 space 1024K, 100% used [0x00000000cde00000, 0x00000000cdf00000)
AC   0  E CS TS     0 PTAMS 0x00000000cdf00000 NTAMS 0x00000000cdf00000 space 1024K, 100% used [0x00000000cdf00000, 0x00000000ce000000)
AC   0  E CS TS     0 PTAMS 0x00000000ce000000 NTAMS 0x00000000ce000000 space 1024K, 100% used [0x00000000ce000000, 0x00000000ce100000)
AC   0  E CS TS     0 PTAMS 0x00000000ce100000 NTAMS 0x00000000ce100000 space 1024K, 100% used [0x00000000ce100000, 0x00000000ce200000)
AC   0  E CS TS     0 PTAMS 0x00000000ce200000 NTAMS 0x00000000ce200000 space 1024K, 100% used [0x00000000ce200000, 0x00000000ce300000)
AC   0  E CS TS     0 PTAMS 0x00000000ce300000 NTAMS 0x00000000ce300000 space 1024K, 100% used [0x00000000ce300000, 0x00000000ce400000)
AC   0  E CS TS     0 PTAMS 0x00000000ce400000 NTAMS 0x00000000ce400000 space 1024K, 100% used [0x00000000ce400000, 0x00000000ce500000)
AC   0  E CS TS     0 PTAMS 0x00000000ce500000 NTAMS 0x00000000ce500000 space 1024K, 100% used [0x00000000ce500000, 0x00000000ce600000)
AC   0  E CS TS     0 PTAMS 0x00000000ce600000 NTAMS 0x00000000ce600000 space 1024K, 100% used [0x00000000ce600000, 0x00000000ce700000)
AC   0  E CS TS     0 PTAMS 0x00000000ce700000 NTAMS 0x00000000ce700000 space 1024K, 100% used [0x00000000ce700000, 0x00000000ce800000)
AC   0  E CS TS     0 PTAMS 0x00000000ce800000 NTAMS 0x00000000ce800000 space 1024K, 100% used [0x00000000ce800000, 0x00000000ce900000)
AC   0  E CS TS     0 PTAMS 0x00000000ce900000 NTAMS 0x00000000ce900000 space 1024K, 100% used [0x00000000ce900000, 0x00000000cea00000)
AC   0  E CS TS     0 PTAMS 0x00000000cea00000 NTAMS 0x00000000cea00000 space 1024K, 100% used [0x00000000cea00000, 0x00000000ceb00000)
AC   0  E CS TS     0 PTAMS 0x00000000ceb00000 NTAMS 0x00000000ceb00000 space 1024K, 100% used [0x00000000ceb00000, 0x00000000cec00000)
AC   0  E CS TS     0 PTAMS 0x00000000cec00000 NTAMS 0x00000000cec00000 space 1024K, 100% used [0x00000000cec00000, 0x00000000ced00000)
AC   0  E CS TS     0 PTAMS 0x00000000ced00000 NTAMS 0x00000000ced00000 space 1024K, 100% used [0x00000000ced00000, 0x00000000cee00000)
AC   0  E CS TS     0 PTAMS 0x00000000cee00000 NTAMS 0x00000000cee00000 space 1024K, 100% used [0x00000000cee00000, 0x00000000cef00000)
AC   0  E CS TS     0 PTAMS 0x00000000cef00000 NTAMS 0x00000000cef00000 space 1024K, 100% used [0x00000000cef00000, 0x00000000cf000000)
AC   0  E CS TS     0 PTAMS 0x00000000cf000000 NTAMS 0x00000000cf000000 space 1024K, 100% used [0x00000000cf000000, 0x00000000cf100000)
AC   0  E CS TS     0 PTAMS 0x00000000cf100000 NTAMS 0x00000000cf100000 space 1024K, 100% used [0x00000000cf100000, 0x00000000cf200000)
AC   0  E CS TS     0 PTAMS 0x00000000cf200000 NTAMS 0x00000000cf200000 space 1024K, 100% used [0x00000000cf200000, 0x00000000cf300000)
AC   0  E CS TS     0 PTAMS 0x00000000cf300000 NTAMS 0x00000000cf300000 space 1024K, 100% used [0x00000000cf300000, 0x00000000cf400000)
AC   0  E CS TS     0 PTAMS 0x00000000cf400000 NTAMS 0x00000000cf400000 space 1024K, 100% used [0x00000000cf400000, 0x00000000cf500000)
AC   0  E CS TS     0 PTAMS 0x00000000cf500000 NTAMS 0x00000000cf500000 space 1024K, 100% used [0x00000000cf500000, 0x00000000cf600000)
AC   0  E CS TS     0 PTAMS 0x00000000cf600000 NTAMS 0x00000000cf600000 space 1024K, 100% used [0x00000000cf600000, 0x00000000cf700000)
AC   0  E CS TS     0 PTAMS 0x00000000cf700000 NTAMS 0x00000000cf700000 space 1024K, 100% used [0x00000000cf700000, 0x00000000cf800000)
AC   0  E CS TS     0 PTAMS 0x00000000cf800000 NTAMS 0x00000000cf800000 space 1024K, 100% used [0x00000000cf800000, 0x00000000cf900000)
AC   0  E CS TS     0 PTAMS 0x00000000cf900000 NTAMS 0x00000000cf900000 space 1024K, 100% used [0x00000000cf900000, 0x00000000cfa00000)
AC   0  E CS TS     0 PTAMS 0x00000000cfa00000 NTAMS 0x00000000cfa00000 space 1024K, 100% used [0x00000000cfa00000, 0x00000000cfb00000)
AC   0  E CS TS     0 PTAMS 0x00000000cfb00000 NTAMS 0x00000000cfb00000 space 1024K, 100% used [0x00000000cfb00000, 0x00000000cfc00000)
AC   0  E CS TS     0 PTAMS 0x00000000cfc00000 NTAMS 0x00000000cfc00000 space 1024K, 100% used [0x00000000cfc00000, 0x00000000cfd00000)
AC   0  E CS TS     0 PTAMS 0x00000000cfd00000 NTAMS 0x00000000cfd00000 space 1024K, 100% used [0x00000000cfd00000, 0x00000000cfe00000)
AC   0  E CS TS     0 PTAMS 0x00000000cfe00000 NTAMS 0x00000000cfe00000 space 1024K, 100% used [0x00000000cfe00000, 0x00000000cff00000)
AC   0  E CS TS     0 PTAMS 0x00000000cff00000 NTAMS 0x00000000cff00000 space 1024K, 100% used [0x00000000cff00000, 0x00000000d0000000)

Card table byte_map: [0x0000000013230000,0x0000000013430000] byte_map_base: 0x0000000012c30000

Marking Bits (Prev, Next): (CMBitMap*) 0x0000000002545c00, (CMBitMap*) 0x0000000002545ba8
 Prev Bits: [0x0000000014630000, 0x0000000015630000)
 Next Bits: [0x0000000013630000, 0x0000000014630000)

Polling page: 0x0000000000220000

CodeCache: size=245760Kb used=32775Kb max_used=32775Kb free=212984Kb
 bounds [0x0000000002710000, 0x0000000004750000, 0x0000000011710000]
 total_blobs=9945 nmethods=8993 adapters=859
 compilation: enabled

Compilation events (10 events):
Event: 497.707 Thread 0x00000000183fc800 11093       3       org.eclipse.swt.widgets.Composite::resizeChildren (149 bytes)
Event: 497.708 Thread 0x00000000183fc800 nmethod 11093 0x000000000470fd50 code [0x000000000470ff00, 0x00000000047105b8]
Event: 497.724 Thread 0x00000000183fc800 11096       3       org.eclipse.swt.graphics.GC::getClipping (655 bytes)
Event: 497.727 Thread 0x00000000183fc800 nmethod 11096 0x000000000472fed0 code [0x00000000047303a0, 0x0000000004731d58]
Event: 497.727 Thread 0x00000000183fc800 11097       3       org.eclipse.swt.graphics.Region::intersect (49 bytes)
Event: 497.727 Thread 0x00000000183fc800 nmethod 11097 0x0000000002869010 code [0x0000000002869200, 0x00000000028699f8]
Event: 497.743 Thread 0x00000000183fc800 11098       1       org.eclipse.core.internal.expressions.util.LRUCache::spaceFor (2 bytes)
Event: 497.743 Thread 0x00000000183fc800 nmethod 11098 0x0000000003b32350 code [0x0000000003b324a0, 0x0000000003b325b0]
Event: 497.743 Thread 0x00000000183fc800 11099       1       org.eclipse.core.internal.expressions.util.LRUCache::getSpaceLimit (5 bytes)
Event: 497.743 Thread 0x00000000183fc800 nmethod 11099 0x0000000002868d10 code [0x0000000002868e60, 0x0000000002868f70]

GC Heap History (10 events):
Event: 2.967 GC heap before
{Heap before GC invocations=5 (full 0):
 garbage-first heap   total 262144K, used 86123K [0x00000000c0000000, 0x00000000c0100800, 0x0000000100000000)
  region size 1024K, 76 young (77824K), 10 survivors (10240K)
 Metaspace       used 33036K, capacity 35990K, committed 36048K, reserved 1081344K
  class space    used 3781K, capacity 4565K, committed 4604K, reserved 1048576K
Event: 2.993 GC heap after
Heap after GC invocations=6 (full 0):
 garbage-first heap   total 262144K, used 31242K [0x00000000c0000000, 0x00000000c0100800, 0x0000000100000000)
  region size 1024K, 20 young (20480K), 20 survivors (20480K)
 Metaspace       used 33036K, capacity 35990K, committed 36048K, reserved 1081344K
  class space    used 3781K, capacity 4565K, committed 4604K, reserved 1048576K
}
Event: 5.656 GC heap before
{Heap before GC invocations=7 (full 0):
 garbage-first heap   total 262144K, used 137738K [0x00000000c0000000, 0x00000000c0100800, 0x0000000100000000)
  region size 1024K, 125 young (128000K), 20 survivors (20480K)
 Metaspace       used 55287K, capacity 61048K, committed 61188K, reserved 1101824K
  class space    used 6780K, capacity 8618K, committed 8708K, reserved 1048576K
Event: 5.707 GC heap after
Heap after GC invocations=8 (full 0):
 garbage-first heap   total 262144K, used 51040K [0x00000000c0000000, 0x00000000c0100800, 0x0000000100000000)
  region size 1024K, 20 young (20480K), 20 survivors (20480K)
 Metaspace       used 55287K, capacity 61048K, committed 61188K, reserved 1101824K
  class space    used 6780K, capacity 8618K, committed 8708K, reserved 1048576K
}
Event: 7.826 GC heap before
{Heap before GC invocations=9 (full 0):
 garbage-first heap   total 262144K, used 168288K [0x00000000c0000000, 0x00000000c0100800, 0x0000000100000000)
  region size 1024K, 134 young (137216K), 20 survivors (20480K)
 Metaspace       used 71899K, capacity 79204K, committed 79492K, reserved 1118208K
  class space    used 9049K, capacity 11342K, committed 11396K, reserved 1048576K
Event: 7.886 GC heap after
Heap after GC invocations=10 (full 0):
 garbage-first heap   total 262144K, used 78336K [0x00000000c0000000, 0x00000000c0100800, 0x0000000100000000)
  region size 1024K, 17 young (17408K), 17 survivors (17408K)
 Metaspace       used 71899K, capacity 79204K, committed 79492K, reserved 1118208K
  class space    used 9049K, capacity 11342K, committed 11396K, reserved 1048576K
}
Event: 10.378 GC heap before
{Heap before GC invocations=10 (full 0):
 garbage-first heap   total 262144K, used 213504K [0x00000000c0000000, 0x00000000c0100800, 0x0000000100000000)
  region size 1024K, 149 young (152576K), 17 survivors (17408K)
 Metaspace       used 84578K, capacity 92778K, committed 92932K, reserved 1128448K
  class space    used 10581K, capacity 13042K, committed 13060K, reserved 1048576K
Event: 10.414 GC heap after
Heap after GC invocations=11 (full 0):
 garbage-first heap   total 262144K, used 92160K [0x00000000c0000000, 0x00000000c0100800, 0x0000000100000000)
  region size 1024K, 19 young (19456K), 19 survivors (19456K)
 Metaspace       used 84578K, capacity 92778K, committed 92932K, reserved 1128448K
  class space    used 10581K, capacity 13042K, committed 13060K, reserved 1048576K
}
Event: 265.551 GC heap before
{Heap before GC invocations=11 (full 0):
 garbage-first heap   total 262144K, used 215040K [0x00000000c0000000, 0x00000000c0100800, 0x0000000100000000)
  region size 1024K, 139 young (142336K), 19 survivors (19456K)
 Metaspace       used 88193K, capacity 96352K, committed 96644K, reserved 1132544K
  class space    used 10879K, capacity 13376K, committed 13444K, reserved 1048576K
Event: 265.592 GC heap after
Heap after GC invocations=12 (full 0):
 garbage-first heap   total 262144K, used 105984K [0x00000000c0000000, 0x00000000c0100800, 0x0000000100000000)
  region size 1024K, 13 young (13312K), 13 survivors (13312K)
 Metaspace       used 88193K, capacity 96352K, committed 96644K, reserved 1132544K
  class space    used 10879K, capacity 13376K, committed 13444K, reserved 1048576K
}

Deoptimization events (10 events):
Event: 312.117 Thread 0x0000000019f4d000 Uncommon trap: reason=unstable_if action=reinterpret pc=0x00000000045cca7c method=java.nio.DirectByteBuffer.get([BII)Ljava/nio/ByteBuffer; @ 8
Event: 316.615 Thread 0x0000000002500000 Uncommon trap: reason=unstable_if action=reinterpret pc=0x0000000002ab9564 method=org.eclipse.jface.text.ListLineTracker.getLineNumberOfOffset(I)I @ 25
Event: 316.615 Thread 0x0000000002500000 Uncommon trap: reason=unstable_if action=reinterpret pc=0x000000000425170c method=org.eclipse.jface.text.ListLineTracker.getLineInformation(I)Lorg/eclipse/jface/text/IRegion; @ 43
Event: 368.204 Thread 0x0000000002500000 Uncommon trap: reason=predicate action=maybe_recompile pc=0x0000000004620830 method=org.eclipse.swt.graphics.TextLayout.setStyle(Lorg/eclipse/swt/graphics/TextStyle;II)V @ 199
Event: 447.281 Thread 0x0000000002500000 Uncommon trap: reason=unstable_if action=reinterpret pc=0x0000000003ef39c8 method=org.eclipse.swt.widgets.EventTable.sendEvent(Lorg/eclipse/swt/widgets/Event;)V @ 17
Event: 483.379 Thread 0x0000000002500000 Uncommon trap: reason=null_check action=make_not_entrant pc=0x000000000410484c method=org.eclipse.e4.core.internal.contexts.WeakGroupedListenerList.getListeners(Ljava/lang/String;)Ljava/util/Set; @ 58
Event: 483.397 Thread 0x0000000019f4e000 Uncommon trap: reason=array_check action=maybe_recompile pc=0x00000000043bf470 method=java.util.TimSort.reverseRange([Ljava/lang/Object;II)V @ 20
Event: 483.398 Thread 0x0000000019f4e000 Uncommon trap: reason=array_check action=maybe_recompile pc=0x00000000043bf470 method=java.util.TimSort.reverseRange([Ljava/lang/Object;II)V @ 20
Event: 483.398 Thread 0x0000000019f4e000 Uncommon trap: reason=array_check action=maybe_recompile pc=0x00000000043bf470 method=java.util.TimSort.reverseRange([Ljava/lang/Object;II)V @ 20
Event: 497.080 Thread 0x0000000002500000 Uncommon trap: reason=bimorphic action=maybe_recompile pc=0x00000000038d121c method=org.eclipse.swt.widgets.Control.windowProc(JIJJ)J @ 1222

Internal exceptions (10 events):
Event: 256.177 Thread 0x0000000002500000 Exception <a 'java/lang/ClassNotFoundException': sun/net/www/protocol/about/Handler> (0x00000000c8b48e30) thrown at [C:\re\workspace\8-2-build-windows-amd64-cygwin\jdk8u102\7268\hotspot\src\share\vm\classfile\systemDictionary.cpp, line 210]
Event: 256.191 Thread 0x0000000002500000 Exception <a 'java/lang/ClassNotFoundException': sun/net/www/protocol/about/Handler> (0x00000000c8b6bd80) thrown at [C:\re\workspace\8-2-build-windows-amd64-cygwin\jdk8u102\7268\hotspot\src\share\vm\classfile\systemDictionary.cpp, line 210]
Event: 256.195 Thread 0x0000000002500000 Exception <a 'java/lang/ClassNotFoundException': sun/net/www/protocol/about/Handler> (0x00000000c8b82478) thrown at [C:\re\workspace\8-2-build-windows-amd64-cygwin\jdk8u102\7268\hotspot\src\share\vm\classfile\systemDictionary.cpp, line 210]
Event: 265.860 Thread 0x0000000019f55800 Implicit null exception at 0x0000000003dc4518 to 0x0000000003dc464d
Event: 266.092 Thread 0x0000000002500000 Exception <a 'java/lang/ClassNotFoundException': sun/net/www/protocol/about/Handler> (0x00000000cdbf37d0) thrown at [C:\re\workspace\8-2-build-windows-amd64-cygwin\jdk8u102\7268\hotspot\src\share\vm\classfile\systemDictionary.cpp, line 210]
Event: 266.098 Thread 0x0000000002500000 Exception <a 'java/lang/ClassNotFoundException': sun/net/www/protocol/about/Handler> (0x00000000cda0c4b8) thrown at [C:\re\workspace\8-2-build-windows-amd64-cygwin\jdk8u102\7268\hotspot\src\share\vm\classfile\systemDictionary.cpp, line 210]
Event: 266.483 Thread 0x0000000002500000 Exception <a 'java/lang/ClassNotFoundException': sun/net/www/protocol/about/Handler> (0x00000000cda22740) thrown at [C:\re\workspace\8-2-build-windows-amd64-cygwin\jdk8u102\7268\hotspot\src\share\vm\classfile\systemDictionary.cpp, line 210]
Event: 266.492 Thread 0x0000000002500000 Exception <a 'java/lang/ClassNotFoundException': sun/net/www/protocol/about/Handler> (0x00000000cda38dd8) thrown at [C:\re\workspace\8-2-build-windows-amd64-cygwin\jdk8u102\7268\hotspot\src\share\vm\classfile\systemDictionary.cpp, line 210]
Event: 311.165 Thread 0x0000000019f4d000 Implicit null exception at 0x000000000453c2c3 to 0x000000000453c48d
Event: 483.379 Thread 0x0000000002500000 Implicit null exception at 0x00000000040fde1c to 0x0000000004104815

Events (10 events):
Event: 497.077 Thread 0x00000000183fb800 flushing nmethod 0x0000000003b32350
Event: 497.078 Thread 0x00000000183fb800 flushing nmethod 0x0000000003c8da90
Event: 497.078 Thread 0x00000000183fb800 flushing nmethod 0x0000000003dc43d0
Event: 497.080 Thread 0x00000000183fc800 flushing nmethod 0x0000000003e35310
Event: 497.080 Thread 0x00000000183fc800 flushing nmethod 0x0000000003e35790
Event: 497.080 Thread 0x0000000002500000 Uncommon trap: trap_request=0xffffffc6 fr.pc=0x00000000038d121c
Event: 497.080 Thread 0x00000000183fc800 flushing nmethod 0x0000000003e36c10
Event: 497.080 Thread 0x0000000002500000 DEOPT PACKING pc=0x00000000038d121c sp=0x000000000012d840
Event: 497.080 Thread 0x0000000002500000 DEOPT UNPACKING pc=0x000000000275582a sp=0x000000000012d790 mode 2
Event: 497.084 Thread 0x00000000183fc800 flushing nmethod 0x000000000443fa90


Dynamic libraries:
0x0000000000400000 - 0x000000000044f000 	A:\eclipse\eclipse\eclipse.exe
0x0000000077210000 - 0x00000000773b9000 	C:\Windows\SYSTEM32\ntdll.dll
0x0000000076e90000 - 0x0000000076faf000 	C:\Windows\system32\kernel32.dll
0x000007fefd720000 - 0x000007fefd78b000 	C:\Windows\system32\KERNELBASE.dll
0x0000000076fb0000 - 0x00000000770aa000 	C:\Windows\system32\USER32.dll
0x000007fefdd10000 - 0x000007fefdd77000 	C:\Windows\system32\GDI32.dll
0x000007feff0d0000 - 0x000007feff0de000 	C:\Windows\system32\LPK.dll
0x000007feff120000 - 0x000007feff1e9000 	C:\Windows\system32\USP10.dll
0x000007feff350000 - 0x000007feff3ef000 	C:\Windows\system32\msvcrt.dll
0x000007fefbfa0000 - 0x000007fefc194000 	C:\Windows\WinSxS\amd64_microsoft.windows.common-controls_6595b64144ccf1df_6.0.7601.17514_none_fa396087175ac9ac\COMCTL32.dll
0x000007fefdeb0000 - 0x000007fefdf21000 	C:\Windows\system32\SHLWAPI.dll
0x000007feff0f0000 - 0x000007feff11e000 	C:\Windows\system32\IMM32.DLL
0x000007fefdd80000 - 0x000007fefde89000 	C:\Windows\system32\MSCTF.dll
0x0000000072000000 - 0x0000000072012000 	C:\Users\Jason\.p2\pool\plugins\org.eclipse.equinox.launcher.win32.win32.x86_64_1.1.400.v20160518-1444\eclipse_1617.dll
0x000007feff270000 - 0x000007feff34b000 	C:\Windows\system32\ADVAPI32.dll
0x000007fefdae0000 - 0x000007fefdaff000 	C:\Windows\SYSTEM32\sechost.dll
0x000007feff3f0000 - 0x000007feff51d000 	C:\Windows\system32\RPCRT4.dll
0x000007fefc780000 - 0x000007fefc78c000 	C:\Windows\system32\VERSION.dll
0x000007fefbd90000 - 0x000007fefbde6000 	C:\Windows\system32\uxtheme.dll
0x000000006d9b0000 - 0x000000006e24a000 	C:\Program Files\Java\jre1.8.0_102\bin\server\jvm.dll
0x000007feee050000 - 0x000007feee059000 	C:\Windows\system32\WSOCK32.dll
0x000007fefdf90000 - 0x000007fefdfdd000 	C:\Windows\system32\WS2_32.dll
0x000007feff0e0000 - 0x000007feff0e8000 	C:\Windows\system32\NSI.dll
0x000007fef87c0000 - 0x000007fef87fb000 	C:\Windows\system32\WINMM.dll
0x00000000773e0000 - 0x00000000773e7000 	C:\Windows\system32\PSAPI.DLL
0x00000000723a0000 - 0x0000000072472000 	C:\Windows\system32\MSVCR100.dll
0x00000000727f0000 - 0x00000000727ff000 	C:\Program Files\Java\jre1.8.0_102\bin\verify.dll
0x0000000072530000 - 0x0000000072559000 	C:\Program Files\Java\jre1.8.0_102\bin\java.dll
0x0000000072510000 - 0x0000000072526000 	C:\Program Files\Java\jre1.8.0_102\bin\zip.dll
0x000007fefe340000 - 0x000007feff0c8000 	C:\Windows\system32\SHELL32.dll
0x000007fefdb00000 - 0x000007fefdd03000 	C:\Windows\system32\ole32.dll
0x000007fefd670000 - 0x000007fefd67f000 	C:\Windows\system32\profapi.dll
0x000007fefcf00000 - 0x000007fefcf17000 	C:\Windows\system32\CRYPTSP.dll
0x000007fefcc00000 - 0x000007fefcc47000 	C:\Windows\system32\rsaenh.dll
0x000007fefc970000 - 0x000007fefc98e000 	C:\Windows\system32\USERENV.dll
0x000007fefd5a0000 - 0x000007fefd5af000 	C:\Windows\system32\CRYPTBASE.dll
0x00000000724f0000 - 0x000000007250a000 	C:\Program Files\Java\jre1.8.0_102\bin\net.dll
0x000007fefcea0000 - 0x000007fefcef5000 	C:\Windows\system32\mswsock.dll
0x000007fefce90000 - 0x000007fefce97000 	C:\Windows\System32\wship6.dll
0x000007fef9fb0000 - 0x000007fef9fd7000 	C:\Windows\system32\IPHLPAPI.DLL
0x000007fef9fa0000 - 0x000007fef9fab000 	C:\Windows\system32\WINNSI.DLL
0x000007fef9db0000 - 0x000007fef9dc1000 	C:\Windows\system32\dhcpcsvc6.DLL
0x000007fef9d90000 - 0x000007fef9da8000 	C:\Windows\system32\dhcpcsvc.DLL
0x00000000724d0000 - 0x00000000724e1000 	C:\Program Files\Java\jre1.8.0_102\bin\nio.dll
0x000007fefa480000 - 0x000007fefa495000 	C:\Windows\system32\NLAapi.dll
0x000007feef100000 - 0x000007feef115000 	C:\Windows\system32\napinsp.dll
0x000007feef0e0000 - 0x000007feef0f9000 	C:\Windows\system32\pnrpnsp.dll
0x000007fefcd20000 - 0x000007fefcd7b000 	C:\Windows\system32\DNSAPI.dll
0x000007feeff80000 - 0x000007feeff8b000 	C:\Windows\System32\winrnr.dll
0x000007fef9230000 - 0x000007fef925f000 	C:\Program Files\Common Files\Microsoft Shared\Windows Live\WLIDNSP.DLL
0x000007fefc850000 - 0x000007fefc857000 	C:\Windows\System32\wshtcpip.dll
0x000007fef9200000 - 0x000007fef9208000 	C:\Windows\system32\rasadhlp.dll
0x000007fef9e70000 - 0x000007fef9ec3000 	C:\Windows\System32\fwpuclnt.dll
0x000000001c670000 - 0x000000001c717000 	A:\eclipse\eclipse\configuration\org.eclipse.osgi\391\0\.cp\swt-win32-4623.dll
0x000007fefe260000 - 0x000007fefe337000 	C:\Windows\system32\OLEAUT32.dll
0x000007fefdfe0000 - 0x000007fefe077000 	C:\Windows\system32\comdlg32.dll
0x000007fef9070000 - 0x000007fef90e1000 	C:\Windows\system32\WINSPOOL.DRV
0x00000000770b0000 - 0x000000007720b000 	C:\Windows\system32\WININET.dll
0x00000000773d0000 - 0x00000000773d3000 	C:\Windows\system32\Normaliz.dll
0x0000000076b30000 - 0x0000000076d40000 	C:\Windows\system32\iertutil.dll
0x0000000076d40000 - 0x0000000076e8e000 	C:\Windows\system32\urlmon.dll
0x000007fefd7d0000 - 0x000007fefd93a000 	C:\Windows\system32\CRYPT32.dll
0x000007fefd710000 - 0x000007fefd71f000 	C:\Windows\system32\MSASN1.dll
0x000007fefb960000 - 0x000007fefb978000 	C:\Windows\system32\dwmapi.dll
0x000007fefbe20000 - 0x000007fefbf4c000 	C:\Windows\system32\propsys.dll
0x000007fefda40000 - 0x000007fefdad9000 	C:\Windows\system32\CLBCatQ.DLL
0x000007fef87a0000 - 0x000007fef87ac000 	C:\Windows\system32\LINKINFO.dll
0x00000000022b0000 - 0x00000000022ce000 	A:\eclipse\eclipse\configuration\org.eclipse.osgi\391\0\.cp\swt-gdip-win32-4623.dll
0x000007fefbb70000 - 0x000007fefbd86000 	C:\Windows\WinSxS\amd64_microsoft.windows.gdiplus_6595b64144ccf1df_1.1.7601.17825_none_2b253c8271ec7765\gdiplus.dll
0x000007fefb7f0000 - 0x000007fefb91a000 	C:\Windows\system32\WindowsCodecs.dll
0x000007fefb590000 - 0x000007fefb5a1000 	A:\eclipse\eclipse\configuration\org.eclipse.osgi\84\0\.cp\jWinHttp-1.0.0.dll
0x000007fefb6e0000 - 0x000007fefb751000 	C:\Windows\system32\WINHTTP.dll
0x000007fefb670000 - 0x000007fefb6d4000 	C:\Windows\system32\webio.dll
0x000007fefd510000 - 0x000007fefd535000 	C:\Windows\system32\SspiCli.dll
0x000007fefca80000 - 0x000007fefca8a000 	C:\Windows\system32\credssp.dll
0x000007fefd960000 - 0x000007fefd996000 	C:\Windows\system32\CFGMGR32.dll
0x000007fef6480000 - 0x000007fef64d4000 	C:\Windows\system32\oleacc.dll
0x000007fef0090000 - 0x000007fef00cb000 	C:\Windows\system32\mlang.dll
0x00000000724a0000 - 0x00000000724c4000 	C:\Program Files\Java\jre1.8.0_102\bin\sunec.dll
0x000007feedeb0000 - 0x000007feedeb7000 	C:\Windows\system32\msimg32.dll
0x000007fef8810000 - 0x000007fef89da000 	C:\Windows\system32\explorerframe.dll
0x000007fefba20000 - 0x000007fefba63000 	C:\Windows\system32\DUser.dll
0x000007fefba70000 - 0x000007fefbb62000 	C:\Windows\system32\DUI70.dll
0x000007fefd650000 - 0x000007fefd664000 	C:\Windows\system32\RpcRtRemote.dll
0x000007fef64e0000 - 0x000007fef6f48000 	C:\Windows\System32\ieframe.dll
0x000007fefd5b0000 - 0x000007fefd641000 	C:\Windows\system32\SXS.DLL
0x000007fefd540000 - 0x000007fefd597000 	C:\Windows\system32\apphelp.dll
0x000007fefd340000 - 0x000007fefd34b000 	C:\Windows\system32\Secur32.dll
0x000000006c8a0000 - 0x000000006d9ac000 	C:\Windows\System32\mshtml.dll
0x000007fefbdf0000 - 0x000007fefbe1d000 	C:\Windows\system32\ntmarta.dll
0x000007fefdf30000 - 0x000007fefdf82000 	C:\Windows\system32\WLDAP32.dll
0x000007fefb560000 - 0x000007fefb56e000 	C:\Windows\system32\msimtf.dll
0x000007feee750000 - 0x000007feee7b2000 	C:\Windows\system32\RASAPI32.dll
0x000007feee730000 - 0x000007feee74c000 	C:\Windows\system32\rasman.dll
0x000007fef0860000 - 0x000007fef0871000 	C:\Windows\system32\rtutils.dll
0x000007fef09b0000 - 0x000007fef09b9000 	C:\Windows\system32\sensapi.dll
0x000007fef5140000 - 0x000007fef537e000 	C:\Windows\System32\jscript9.dll
0x000007fefe080000 - 0x000007fefe257000 	C:\Windows\system32\setupapi.dll
0x000007fefd940000 - 0x000007fefd95a000 	C:\Windows\system32\DEVOBJ.dll
0x000007fefb190000 - 0x000007fefb272000 	C:\Windows\system32\d2d1.dll
0x000007fef5710000 - 0x000007fef588e000 	C:\Windows\system32\DWrite.dll
0x000007fef8c80000 - 0x000007fef8d27000 	C:\Windows\system32\dxgi.dll
0x000007fefd790000 - 0x000007fefd7c9000 	C:\Windows\system32\WINTRUST.dll
0x000007fef8db0000 - 0x000007fef8de4000 	C:\Windows\system32\d3d10_1.dll
0x000007fef8d30000 - 0x000007fef8d85000 	C:\Windows\system32\d3d10_1core.dll
0x00000000722d0000 - 0x000000007239a000 	C:\Windows\system32\jscript.dll
0x000007fef72f0000 - 0x000007fef732a000 	C:\Windows\system32\msls31.dll
0x000007fefab40000 - 0x000007fefab84000 	C:\Windows\system32\windowscodecsext.dll
0x000007fef9860000 - 0x000007fef9a51000 	C:\Windows\System32\msxml6.dll
0x000007fef4bc0000 - 0x000007fef4cfd000 	C:\Windows\system32\d3d10.dll
0x000007fefb300000 - 0x000007fefb34b000 	C:\Windows\system32\d3d10core.dll
0x000007fef84a0000 - 0x000007fef84e4000 	C:\Program Files (x86)\Dropbox\Client\DropboxExt64.3.0.dll
0x000007fef48b0000 - 0x000007fef4930000 	C:\Windows\system32\ntshrui.dll
0x000007fefd1c0000 - 0x000007fefd1e3000 	C:\Windows\system32\srvcli.dll
0x000007fef8450000 - 0x000007fef845f000 	C:\Windows\system32\cscapi.dll
0x000007fefa220000 - 0x000007fefa22b000 	C:\Windows\system32\slc.dll
0x000007fefa920000 - 0x000007fefa92c000 	C:\Windows\system32\netutils.dll
0x000007feee800000 - 0x000007feee81d000 	C:\Windows\system32\mssprxy.dll
0x0000000180000000 - 0x0000000180012000 	A:\eclipse\eclipse\configuration\org.eclipse.osgi\81\0\.cp\os\win32\x86_64\localfile_1_0_0.dll
0x000007fefb980000 - 0x000007fefb9cb000 	C:\Windows\system32\MMDevAPI.DLL
0x000007fef4ed0000 - 0x000007fef4f0b000 	C:\Windows\system32\wdmaud.drv
0x000000006f440000 - 0x000000006f446000 	C:\Windows\system32\ksuser.dll
0x000007fefa4a0000 - 0x000007fefa4a9000 	C:\Windows\system32\AVRT.dll
0x000007fef49f0000 - 0x000007fef4bc0000 	C:\Windows\system32\D3D10Warp.dll
0x00000000728c0000 - 0x00000000728cb000 	C:\Program Files\Java\jre1.8.0_102\bin\sunmscapi.dll
0x000007fef3500000 - 0x000007fef3625000 	C:\Windows\system32\dbghelp.dll

VM Arguments:
jvm_args: -Dosgi.requiredJavaVersion=1.8 -XX:+UseG1GC -XX:+UseStringDeduplication -Dosgi.requiredJavaVersion=1.8 -Xms256m -Xmx1024m -Declipse.p2.max.threads=10 -Doomph.update.url=http://download.eclipse.org/oomph/updates/milestone/latest -Doomph.redirection.index.redirection=index:/->http://git.eclipse.org/c/oomph/org.eclipse.oomph.git/plain/setups/ 
java_command: <unknown>
java_class_path (initial): A:\eclipse\eclipse\\plugins/org.eclipse.equinox.launcher_1.3.200.v20160318-1642.jar
Launcher Type: generic

Environment Variables:
PATH=C:/Program Files/Java/jre1.8.0_102/bin/server;C:/Program Files/Java/jre1.8.0_102/bin;C:/Program Files/Java/jre1.8.0_102/lib/amd64;C:\ProgramData\Oracle\Java\javapath;C:\Program Files\Common Files\Microsoft Shared\Windows Live;C:\Program Files (x86)\Common Files\Microsoft Shared\Windows Live;C:\Windows\system32;C:\Windows;C:\Windows\System32\Wbem;C:\Windows\System32\WindowsPowerShell\v1.0\;C:\Program Files (x86)\ATI Technologies\ATI.ACE\Core-Static;C:\Program Files (x86)\AMD\ATI.ACE\Core-Static;C:\Program Files (x86)\Windows Live\Shared;C:\Users\Jason\Desktop\jchan-16-17-current\FracCalc\src\fracCalc;
USERNAME=Jason
OS=Windows_NT
PROCESSOR_IDENTIFIER=AMD64 Family 21 Model 2 Stepping 0, AuthenticAMD



---------------  S Y S T E M  ---------------

OS: Windows 7 , 64 bit Build 7601 (6.1.7601.18015)

CPU:total 6 (6 cores per cpu, 1 threads per core) family 21 model 2 stepping 0, cmov, cx8, fxsr, mmx, sse, sse2, sse3, ssse3, sse4.1, sse4.2, popcnt, avx, aes, clmul, mmxext, 3dnowpref, lzcnt, sse4a, tsc, tscinvbit, tscinv, bmi1

Memory: 4k page, physical 8370292k(4532388k free), swap 14882960k(10783864k free)

vm_info: Java HotSpot(TM) 64-Bit Server VM (25.102-b14) for windows-amd64 JRE (1.8.0_102-b14), built on Jun 22 2016 13:15:21 by "java_re" with MS VC++ 10.0 (VS2010)

time: Mon Dec 05 19:52:55 2016
elapsed time: 497 seconds (0d 0h 8m 17s)

